
Dnia: 23.9.2019 o godzinie: 15:25:44
 w module : srcman.cpp, line 285 wyst¹pi³ b³ad:
  Plik nie zawiera poprawnej bazy wiedzy
Dnia: 12.11.2019 o godzinie: 14:34:21
 w module : srcman.cpp, line 285 wyst¹pi³ b³ad:
  Plik nie zawiera poprawnej bazy wiedzy
Dnia: 18.10.2023 o godzinie: 12:33:00
 w module : C:\aitech\sphinx45\cake451\mainprg\SRCMAN.CPP, line 305 wyst¹pi³ b³ad:
  Plik nie zawiera poprawnej bazy wiedzy
Dnia: 18.10.2023 o godzinie: 12:36:28
 w module : C:\aitech\sphinx45\cake451\mainprg\SRCMAN.CPP, line 305 wyst¹pi³ b³ad:
  Plik nie zawiera poprawnej bazy wiedzy
Dnia: 18.10.2023 o godzinie: 12:41:25
 w module : C:\aitech\sphinx45\cake451\mainprg\SRCMAN.CPP, line 305 wyst¹pi³ b³ad:
  Plik nie zawiera poprawnej bazy wiedzy
Dnia: 3.1.2024 o godzinie: 12:20:42 wyst¹pi³ b³ad:
  Plik nie zawiera poprawnej bazy wiedzy
Dnia: 3.1.2024 o godzinie: 12:21:10 wyst¹pi³ b³ad:
  Plik nie zawiera poprawnej bazy wiedzy
Dnia: 3.1.2024 o godzinie: 12:21:30 wyst¹pi³ b³ad:
  Plik nie zawiera poprawnej bazy wiedzy